<?xml version="1.0" encoding="UTF-8"?>
<!-- Generated by org.testng.reporters.JUnitReportReporter -->
<testsuite skipped="0" hostname="DESKTOP-953G68F" name="miniproject_Runner.TestRunner3" tests="1" failures="0" timestamp="2020-04-13T13:21:33 IST" time="39.411" errors="0">
  <testcase name="login" time="39.411" classname="miniproject_Runner.TestRunner3"/>
  <system-out/>
</testsuite> <!-- miniproject_Runner.TestRunner3 -->
